<?xml version="1.0" encoding="UTF-8"?>
<!-- Generated by org.testng.reporters.JUnitReportReporter -->
<testsuite hostname="DESKTOP-QBF8APR" failures="0" tests="1" name="testCases.TC001_Login" time="1.381" errors="0" timestamp="2024-09-03T20:18:57 IST" skipped="0">
  <testcase classname="testCases.TC001_Login" name="login" time="1.381"/>
</testsuite> <!-- testCases.TC001_Login -->
