<?xml version="1.0" encoding="UTF-8"?>
<!-- Generated by org.testng.reporters.JUnitReportReporter -->
<testsuite hostname="DESKTOP-QBF8APR" failures="0" tests="1" name="testCases.TC004_DeleteCustomerTest" time="7.677" errors="0" timestamp="2024-09-06T15:06:34 IST" skipped="0">
  <testcase classname="testCases.TC004_DeleteCustomerTest" name="deletec" time="7.677"/>
</testsuite> <!-- testCases.TC004_DeleteCustomerTest -->
