<?xml version="1.0" encoding="UTF-8"?>
<!-- Generated by org.testng.reporters.JUnitReportReporter -->
<testsuite hostname="DESKTOP-QBF8APR" failures="0" tests="1" name="testCases.TC001_Login" time="1.534" errors="0" timestamp="2024-09-06T15:32:23 IST" skipped="0">
  <testcase classname="testCases.TC001_Login" name="login" time="1.534"/>
</testsuite> <!-- testCases.TC001_Login -->
