<?xml version="1.0" encoding="UTF-8"?>
<!-- Generated by org.testng.reporters.JUnitReportReporter -->
<testsuite hostname="DESKTOP-QBF8APR" failures="0" tests="1" name="testCases.TC003_EditCustomerTest" time="9.309" errors="0" timestamp="2024-09-06T15:32:23 IST" skipped="0">
  <testcase classname="testCases.TC003_EditCustomerTest" name="Editcustomer" time="9.309"/>
</testsuite> <!-- testCases.TC003_EditCustomerTest -->
