<?xml version="1.0" encoding="UTF-8"?>
<!-- Generated by org.testng.reporters.JUnitReportReporter -->
<testsuite hostname="DESKTOP-QBF8APR" failures="0" tests="1" name="testCases.TC002_NewCustomerTest" time="19.391" errors="0" timestamp="2024-09-05T13:38:53 IST" skipped="0">
  <testcase classname="testCases.TC002_NewCustomerTest" name="addNew" time="19.391"/>
</testsuite> <!-- testCases.TC002_NewCustomerTest -->
