<?xml version="1.0" encoding="UTF-8"?>
<!-- Generated by org.testng.reporters.JUnitReportReporter -->
<testsuite hostname="DESKTOP-QBF8APR" failures="0" tests="1" name="testCases.TC003_EditCustomerTest" time="13.310" errors="0" timestamp="2024-09-06T14:44:54 IST" skipped="0">
  <testcase classname="testCases.TC003_EditCustomerTest" name="Editcustomer" time="13.310"/>
</testsuite> <!-- testCases.TC003_EditCustomerTest -->
